<?xml version="1.0" encoding="UTF-8"?>
<!-- Generated by org.testng.reporters.JUnitReportReporter -->
<testsuite hostname="AUM" failures="0" tests="1" name="com.demo.nopcommerce.testsuite.LoginTest" time="25.370" errors="0" timestamp="25 Apr 2020 08:43:27 GMT" skipped="0">
  <testcase classname="com.demo.nopcommerce.testsuite.LoginTest" name="verifyUserShouldNavigateToLoginPage" time="25.370"/>
</testsuite> <!-- com.demo.nopcommerce.testsuite.LoginTest -->
